<?xml version="1.0" encoding="UTF-8"?>
<testng-results ignored="0" total="1" passed="1" failed="0" skipped="0">
  <reporter-output>
  </reporter-output>
  <suite started-at="2026-01-10T14:53:49 IST" name="Surefire suite" finished-at="2026-01-10T14:54:03 IST" duration-ms="13516">
    <groups>
    </groups>
    <test started-at="2026-01-10T14:53:49 IST" name="Surefire test" finished-at="2026-01-10T14:54:03 IST" duration-ms="13516">
      <class name="LoginTest">
        <test-method is-config="true" signature="setup()[pri:0, instance:LoginTest@60704c]" started-at="2026-01-10T14:53:49 IST" name="setup" finished-at="2026-01-10T14:53:52 IST" duration-ms="3043" status="PASS">
          <reporter-output>
          </reporter-output>
        </test-method> <!-- setup -->
        <test-method signature="facebookLoginTest()[pri:0, instance:LoginTest@60704c]" started-at="2026-01-10T14:53:52 IST" name="facebookLoginTest" finished-at="2026-01-10T14:54:03 IST" duration-ms="10219" status="PASS">
          <reporter-output>
          </reporter-output>
        </test-method> <!-- facebookLoginTest -->
        <test-method is-config="true" signature="tearDown()[pri:0, instance:LoginTest@60704c]" started-at="2026-01-10T14:54:03 IST" name="tearDown" finished-at="2026-01-10T14:54:03 IST" duration-ms="216" status="PASS">
          <reporter-output>
          </reporter-output>
        </test-method> <!-- tearDown -->
      </class> <!-- LoginTest -->
    </test> <!-- Surefire test -->
  </suite> <!-- Surefire suite -->
</testng-results>
